#
# There is insufficient memory for the Java Runtime Environment to continue.
# Native memory allocation (mmap) failed to map 268435456 bytes for Failed to commit area from 0x0000000701000000 to 0x0000000711000000 of length 268435456.
# Possible reasons:
#   The system is out of physical RAM or swap space
#   The process is running with CompressedOops enabled, and the Java Heap may be blocking the growth of the native heap
# Possible solutions:
#   Reduce memory load on the system
#   Increase physical memory or swap space
#   Check if swap backing store is full
#   Decrease Java heap size (-Xmx/-Xms)
#   Decrease number of Java threads
#   Decrease Java thread stack sizes (-Xss)
#   Set larger code cache with -XX:ReservedCodeCacheSize=
# This output file may be truncated or incomplete.
#
#  Out of Memory Error (./open/src/hotspot/os/windows/os_windows.cpp:3287), pid=14772, tid=2548
#
# JRE version:  (11.0.16+11) (build )
# Java VM: Java HotSpot(TM) 64-Bit Server VM (11.0.16+11-LTS-199, mixed mode, sharing, tiered, compressed oops, g1 gc, windows-amd64)
# No core dump will be written. Minidumps are not enabled by default on client versions of Windows
#

---------------  S U M M A R Y ------------

Command Line: Main

Host: Intel(R) Core(TM) i5-9400F CPU @ 2.90GHz, 6 cores, 15G,  Windows 10 , 64 bit Build 19041 (10.0.19041.3636)
Time: Wed Apr 24 23:13:58 2024  Windows 10 , 64 bit Build 19041 (10.0.19041.3636) elapsed time: 0.014583 seconds (0d 0h 0m 0s)

---------------  T H R E A D  ---------------

Current thread (0x00000227faf7d000):  JavaThread "Unknown thread" [_thread_in_vm, id=2548, stack(0x00000032d3700000,0x00000032d3800000)]

Stack: [0x00000032d3700000,0x00000032d3800000]
Native frames: (J=compiled Java code, j=interpreted, Vv=VM code, C=native code)
V  [jvm.dll+0x62a3ea]
V  [jvm.dll+0x76418f]
V  [jvm.dll+0x765839]
V  [jvm.dll+0x765ec3]
V  [jvm.dll+0x23da98]
V  [jvm.dll+0x62770a]
V  [jvm.dll+0x61c475]
V  [jvm.dll+0x2f2aac]
V  [jvm.dll+0x2f2932]
V  [jvm.dll+0x2f7656]
V  [jvm.dll+0x33a1cf]
V  [jvm.dll+0x339c00]
V  [jvm.dll+0x2d00c8]
V  [jvm.dll+0x2d1236]
V  [jvm.dll+0x73e757]
V  [jvm.dll+0x73ffef]
V  [jvm.dll+0x346ef9]
V  [jvm.dll+0x723f90]
V  [jvm.dll+0x3b5adf]
V  [jvm.dll+0x3b7bf1]
C  [jli.dll+0x5207]
C  [ucrtbase.dll+0x21bb2]
C  [KERNEL32.DLL+0x17344]
C  [ntdll.dll+0x526b1]


---------------  P R O C E S S  ---------------

Threads class SMR info:
_java_thread_list=0x00000227f8eb1a80, length=0, elements={
}

Java Threads: ( => current thread )

Other Threads:
  0x00000227faf92000 GCTaskThread "GC Thread#0" [stack: 0x00000032d3800000,0x00000032d3900000] [id=11540]
  0x00000227fb02c000 ConcurrentGCThread "G1 Main Marker" [stack: 0x00000032d3900000,0x00000032d3a00000] [id=8048]
  0x00000227fb02d000 ConcurrentGCThread "G1 Conc#0" [stack: 0x00000032d3a00000,0x00000032d3b00000] [id=13308]

[error occurred during error reporting (printing all threads), id 0xc0000005, EXCEPTION_ACCESS_VIOLATION (0xc0000005) at pc=0x00007ffd5c8df357]

VM state:not at safepoint (not fully initialized)

VM Mutex/Monitor currently owned by a thread:  ([mutex/lock_event])
[0x00000227faf791b0] Heap_lock - owner thread: 0x00000227faf7d000

Heap address: 0x0000000701000000, size: 4080 MB, Compressed Oops mode: Non-zero based: 0x0000000701000000
Narrow klass base: 0x0000000000000000, Narrow klass shift: 0

GC Heap History (0 events):
No events

Deoptimization events (0 events):
No events

Classes redefined (0 events):
No events

Internal exceptions (0 events):
No events

Events (0 events):
No events


Dynamic libraries:
0x00007ff6d3e10000 - 0x00007ff6d3e1f000 	C:\Program Files\Java\jdk-11.0.16\bin\java.exe
0x00007ffddff90000 - 0x00007ffde0188000 	C:\Windows\SYSTEM32\ntdll.dll
0x00007ffddf8b0000 - 0x00007ffddf96d000 	C:\Windows\System32\KERNEL32.DLL
0x00007ffddd640000 - 0x00007ffddd936000 	C:\Windows\System32\KERNELBASE.dll
0x00007ffddd940000 - 0x00007ffddda40000 	C:\Windows\System32\ucrtbase.dll
0x00007ffdd63b0000 - 0x00007ffdd63c8000 	C:\Program Files\Java\jdk-11.0.16\bin\jli.dll
0x00007ffddeee0000 - 0x00007ffddef90000 	C:\Windows\System32\ADVAPI32.dll
0x00007ffdde000000 - 0x00007ffdde09e000 	C:\Windows\System32\msvcrt.dll
0x00007ffddf2c0000 - 0x00007ffddf360000 	C:\Windows\System32\sechost.dll
0x00007ffddfcd0000 - 0x00007ffddfdf3000 	C:\Windows\System32\RPCRT4.dll
0x00007ffdddd10000 - 0x00007ffdddd37000 	C:\Windows\System32\bcrypt.dll
0x00007ffddf360000 - 0x00007ffddf4ff000 	C:\Windows\System32\USER32.dll
0x00007ffdddce0000 - 0x00007ffdddd02000 	C:\Windows\System32\win32u.dll
0x00007ffddf790000 - 0x00007ffddf7bb000 	C:\Windows\System32\GDI32.dll
0x00007ffdddd40000 - 0x00007ffddde57000 	C:\Windows\System32\gdi32full.dll
0x00007ffdddbb0000 - 0x00007ffdddc4d000 	C:\Windows\System32\msvcp_win.dll
0x00007ffdd08b0000 - 0x00007ffdd0b4a000 	C:\Windows\WinSxS\amd64_microsoft.windows.common-controls_6595b64144ccf1df_6.0.19041.3636_none_60b6a03d71f818d5\COMCTL32.dll
0x00007ffdd6a10000 - 0x00007ffdd6a1a000 	C:\Windows\SYSTEM32\VERSION.dll
0x00007ffdd8220000 - 0x00007ffdd8235000 	C:\Program Files\Java\jdk-11.0.16\bin\VCRUNTIME140.dll
0x00007ffdddfc0000 - 0x00007ffdddff2000 	C:\Windows\System32\IMM32.DLL
0x00007ffda37c0000 - 0x00007ffda385b000 	C:\Program Files\Java\jdk-11.0.16\bin\msvcp140.dll
0x00007ffd5c600000 - 0x00007ffd5d118000 	C:\Program Files\Java\jdk-11.0.16\bin\server\jvm.dll
0x00007ffddeec0000 - 0x00007ffddeec8000 	C:\Windows\System32\PSAPI.DLL
0x00007ffdbd3d0000 - 0x00007ffdbd3d9000 	C:\Windows\SYSTEM32\WSOCK32.dll
0x00007ffdd2620000 - 0x00007ffdd2647000 	C:\Windows\SYSTEM32\WINMM.dll
0x00007ffddf7c0000 - 0x00007ffddf82b000 	C:\Windows\System32\ws2_32.DLL
0x00007ffddb4f0000 - 0x00007ffddb502000 	C:\Windows\SYSTEM32\kernel.appcore.dll
0x00007ffdd9180000 - 0x00007ffdd9190000 	C:\Program Files\Java\jdk-11.0.16\bin\verify.dll
0x00007ffdd0be0000 - 0x00007ffdd0dc4000 	C:\Windows\SYSTEM32\DBGHELP.DLL
0x00007ffdcde80000 - 0x00007ffdcdeb4000 	C:\Windows\SYSTEM32\dbgcore.DLL
0x00007ffdddc50000 - 0x00007ffdddcd2000 	C:\Windows\System32\bcryptPrimitives.dll
0x00007ffdd0ec0000 - 0x00007ffdd0ee8000 	C:\Program Files\Java\jdk-11.0.16\bin\java.dll
0x00007ffdd0eb0000 - 0x00007ffdd0eba000 	C:\Program Files\Java\jdk-11.0.16\bin\jimage.dll
0x00007ffdc2070000 - 0x00007ffdc2086000 	C:\Program Files\Java\jdk-11.0.16\bin\zip.dll

dbghelp: loaded successfully - version: 4.0.5 - missing functions: none
symbol engine: initialized successfully - sym options: 0x614 - pdb path: .;C:\Program Files\Java\jdk-11.0.16\bin;C:\Windows\SYSTEM32;C:\Windows\WinSxS\amd64_microsoft.windows.common-controls_6595b64144ccf1df_6.0.19041.3636_none_60b6a03d71f818d5;C:\Program Files\Java\jdk-11.0.16\bin\server

VM Arguments:
java_command: Main
java_class_path (initial): C:\Users\orest\AppData\Roaming\Code\User\workspaceStorage\6759f7624ef60648654b2f141e3ff546\redhat.java\jdt_ws\DatabaseProject_20c0418f\bin;c:\Users\orest\Downloads\DatabaseProject\lib\flatlaf-demo-3.4.1.jar
Launcher Type: SUN_STANDARD

[Global flags]
     intx CICompilerCount                          = 3                                         {product} {ergonomic}
     uint ConcGCThreads                            = 2                                         {product} {ergonomic}
     uint G1ConcRefinementThreads                  = 6                                         {product} {ergonomic}
   size_t G1HeapRegionSize                         = 1048576                                   {product} {ergonomic}
    uintx GCDrainStackTargetSize                   = 64                                        {product} {ergonomic}
   size_t InitialHeapSize                          = 268435456                                 {product} {ergonomic}
   size_t MarkStackSize                            = 4194304                                   {product} {ergonomic}
   size_t MaxHeapSize                              = 4278190080                                {product} {ergonomic}
   size_t MinHeapDeltaBytes                        = 1048576                                   {product} {ergonomic}
    uintx NonNMethodCodeHeapSize                   = 5830732                                {pd product} {ergonomic}
    uintx NonProfiledCodeHeapSize                  = 122913754                              {pd product} {ergonomic}
    uintx ProfiledCodeHeapSize                     = 122913754                              {pd product} {ergonomic}
    uintx ReservedCodeCacheSize                    = 251658240                              {pd product} {ergonomic}
     bool SegmentedCodeCache                       = true                                      {product} {ergonomic}
     bool UseCompressedClassPointers               = true                                 {lp64_product} {ergonomic}
     bool UseCompressedOops                        = true                                 {lp64_product} {ergonomic}
     bool UseG1GC                                  = true                                      {product} {ergonomic}
     bool UseLargePagesIndividualAllocation        = false                                  {pd product} {ergonomic}

Logging:
Log output configuration:
 #0: stdout all=warning uptime,level,tags
 #1: stderr all=off uptime,level,tags

Environment Variables:
PATH=C:\Python312\Scripts\;C:\Python312\;C:\Program Files\Common Files\Oracle\Java\javapath;C:\Program Files (x86)\Common Files\Oracle\Java\javapath;C:\ProgramData\Oracle\Java\javapath;C:\Windows\system32;C:\Windows;C:\Windows\System32\Wbem;C:\Windows\System32\WindowsPowerShell\v1.0\;C:\Windows\System32\OpenSSH\;C:\Program Files\dotnet\;C:\Program Files\NVIDIA Corporation\NVIDIA NvDLISR;D:\Apps\mingw64\bin;C:\ProgramData\chocolatey\bin;D:\Apps\Node\;D:\Apps\flutter_windows_3.19.5-stable\flutter\bin;C:\Program Files\Microsoft SQL Server\150\Tools\Binn\;C:\Users\orest\AppData\Local\Microsoft\WindowsApps;;D:\Apps\Microsoft VS Code\bin;C:\Users\orest\AppData\Roaming\GMBT\bin;C:\Users\orest\.dotnet\tools;C:\Users\orest\AppData\Roaming\npm
USERNAME=orest
OS=Windows_NT
PROCESSOR_IDENTIFIER=Intel64 Family 6 Model 158 Stepping 10, GenuineIntel



---------------  S Y S T E M  ---------------

OS: Windows 10 , 64 bit Build 19041 (10.0.19041.3636)

CPU:total 6 (initial active 6) (6 cores per cpu, 1 threads per core) family 6 model 158 stepping 10 microcode 0xb4, cmov, cx8, fxsr, mmx, sse, sse2, sse3, ssse3, sse4.1, sse4.2, popcnt, avx, avx2, aes, clmul, erms, 3dnowpref, lzcnt, tsc, tscinvbit, bmi1, bmi2, adx, fma

Memory: 4k page, system-wide physical 16316M (5182M free)
TotalPageFile size 20908M (AvailPageFile size 80M)
current process WorkingSet (physical memory assigned to process): 10M, peak: 10M
current process commit charge ("private bytes"): 56M, peak: 312M

vm_info: Java HotSpot(TM) 64-Bit Server VM (11.0.16+11-LTS-199) for windows-amd64 JRE (11.0.16+11-LTS-199), built on Jun 28 2022 08:23:17 by "mach5one" with MS VC++ 15.9 (VS2017)

END.
